ERROR: LoadError: InitError: could not load library "/home/sci/hunor.csala/anaconda3/envs/julia_env/share/julia/artifacts/ddfc455343aff48d27c1b39d7fcb07e0d9242b50/lib/libpng16.so"
/lib64/libz.so.1: version `ZLIB_1.2.9' not found (required by /home/sci/hunor.csala/anaconda3/envs/julia_env/share/julia/artifacts/ddfc455343aff48d27c1b39d7fcb07e0d9242b50/lib/libpng16.so)
Stacktrace:
  [1] dlopen(s::String, flags::UInt32; throw_error::Bool)
    @ Base.Libc.Libdl ./libdl.jl:117
  [2] dlopen(s::String, flags::UInt32)
    @ Base.Libc.Libdl ./libdl.jl:116
  [3] macro expansion
    @ ~/anaconda3/envs/julia_env/share/julia/packages/JLLWrappers/QpMQW/src/products/library_generators.jl:54 [inlined]
  [4] __init__()
    @ libpng_jll ~/anaconda3/envs/julia_env/share/julia/packages/libpng_jll/9vklf/src/wrappers/x86_64-linux-gnu.jl:9
  [5] register_restored_modules(sv::Core.SimpleVector, pkg::Base.PkgId, path::String)
    @ Base ./loading.jl:1115
  [6] _include_from_serialized(pkg::Base.PkgId, path::String, ocachepath::String, depmods::Vector{Any})
    @ Base ./loading.jl:1061
  [7] _require_search_from_serialized(pkg::Base.PkgId, sourcepath::String, build_id::UInt128)
    @ Base ./loading.jl:1506
  [8] _require(pkg::Base.PkgId, env::String)
    @ Base ./loading.jl:1783
  [9] _require_prelocked(uuidkey::Base.PkgId, env::String)
    @ Base ./loading.jl:1660
 [10] macro expansion
    @ ./loading.jl:1648 [inlined]
 [11] macro expansion
    @ ./lock.jl:267 [inlined]
 [12] require(into::Module, mod::Symbol)
    @ Base ./loading.jl:1611
 [13] include(mod::Module, _path::String)
    @ Base ./Base.jl:457
 [14] top-level scope
    @ ~/anaconda3/envs/julia_env/share/julia/packages/JLLWrappers/QpMQW/src/toplevel_generators.jl:188
 [15] include
    @ ./Base.jl:457 [inlined]
 [16] include_package_for_output(pkg::Base.PkgId, input::String, depot_path::Vector{String}, dl_load_path::Vector{String}, load_path::Vector{String}, concrete_deps::Vector{Pair{Base.PkgId, UInt128}}, source::String)
    @ Base ./loading.jl:2049
 [17] top-level scope
    @ stdin:3
during initialization of module libpng_jll
in expression starting at /home/sci/hunor.csala/anaconda3/envs/julia_env/share/julia/packages/Cairo_jll/HW4xi/src/wrappers/x86_64-linux-gnu.jl:6
in expression starting at /home/sci/hunor.csala/anaconda3/envs/julia_env/share/julia/packages/Cairo_jll/HW4xi/src/Cairo_jll.jl:2
in expression starting at stdin:3
ERROR: LoadError: Failed to precompile Cairo_jll [83423d85-b0ee-5818-9007-b63ccbeb887a] to "/home/sci/hunor.csala/anaconda3/envs/julia_env/share/julia/compiled/v1.9/Cairo_jll/jl_fRQMfj".
Stacktrace:
  [1] error(s::String)
    @ Base ./error.jl:35
  [2] compilecache(pkg::Base.PkgId, path::String, internal_stderr::IO, internal_stdout::IO, keep_loaded_modules::Bool)
    @ Base ./loading.jl:2300
  [3] compilecache
    @ ./loading.jl:2167 [inlined]
  [4] _require(pkg::Base.PkgId, env::String)
    @ Base ./loading.jl:1805
  [5] _require_prelocked(uuidkey::Base.PkgId, env::String)
    @ Base ./loading.jl:1660
  [6] macro expansion
    @ ./loading.jl:1648 [inlined]
  [7] macro expansion
    @ ./lock.jl:267 [inlined]
  [8] require(into::Module, mod::Symbol)
    @ Base ./loading.jl:1611
  [9] include(mod::Module, _path::String)
    @ Base ./Base.jl:457
 [10] top-level scope
    @ ~/anaconda3/envs/julia_env/share/julia/packages/JLLWrappers/QpMQW/src/toplevel_generators.jl:188
 [11] include
    @ ./Base.jl:457 [inlined]
 [12] include_package_for_output(pkg::Base.PkgId, input::String, depot_path::Vector{String}, dl_load_path::Vector{String}, load_path::Vector{String}, concrete_deps::Vector{Pair{Base.PkgId, UInt128}}, source::String)
    @ Base ./loading.jl:2049
 [13] top-level scope
    @ stdin:3
in expression starting at /home/sci/hunor.csala/anaconda3/envs/julia_env/share/julia/packages/HarfBuzz_jll/zavaV/src/wrappers/x86_64-linux-gnu.jl:4
in expression starting at /home/sci/hunor.csala/anaconda3/envs/julia_env/share/julia/packages/HarfBuzz_jll/zavaV/src/HarfBuzz_jll.jl:2
in expression starting at stdin:3
ERROR: LoadError: Failed to precompile HarfBuzz_jll [2e76f6c2-a576-52d4-95c1-20adfe4de566] to "/home/sci/hunor.csala/anaconda3/envs/julia_env/share/julia/compiled/v1.9/HarfBuzz_jll/jl_KBCrNz".
Stacktrace:
  [1] error(s::String)
    @ Base ./error.jl:35
  [2] compilecache(pkg::Base.PkgId, path::String, internal_stderr::IO, internal_stdout::IO, keep_loaded_modules::Bool)
    @ Base ./loading.jl:2300
  [3] compilecache
    @ ./loading.jl:2167 [inlined]
  [4] _require(pkg::Base.PkgId, env::String)
    @ Base ./loading.jl:1805
  [5] _require_prelocked(uuidkey::Base.PkgId, env::String)
    @ Base ./loading.jl:1660
  [6] macro expansion
    @ ./loading.jl:1648 [inlined]
  [7] macro expansion
    @ ./lock.jl:267 [inlined]
  [8] require(into::Module, mod::Symbol)
    @ Base ./loading.jl:1611
  [9] include(mod::Module, _path::String)
    @ Base ./Base.jl:457
 [10] top-level scope
    @ ~/anaconda3/envs/julia_env/share/julia/packages/JLLWrappers/QpMQW/src/toplevel_generators.jl:188
 [11] include
    @ ./Base.jl:457 [inlined]
 [12] include_package_for_output(pkg::Base.PkgId, input::String, depot_path::Vector{String}, dl_load_path::Vector{String}, load_path::Vector{String}, concrete_deps::Vector{Pair{Base.PkgId, UInt128}}, source::String)
    @ Base ./loading.jl:2049
 [13] top-level scope
    @ stdin:3
in expression starting at /home/sci/hunor.csala/anaconda3/envs/julia_env/share/julia/packages/libass_jll/SaaQW/src/wrappers/x86_64-linux-gnu.jl:6
in expression starting at /home/sci/hunor.csala/anaconda3/envs/julia_env/share/julia/packages/libass_jll/SaaQW/src/libass_jll.jl:2
in expression starting at stdin:3
ERROR: LoadError: Failed to precompile libass_jll [0ac62f75-1d6f-5e53-bd7c-93b484bb37c0] to "/home/sci/hunor.csala/anaconda3/envs/julia_env/share/julia/compiled/v1.9/libass_jll/jl_q95yqK".
Stacktrace:
  [1] error(s::String)
    @ Base ./error.jl:35
  [2] compilecache(pkg::Base.PkgId, path::String, internal_stderr::IO, internal_stdout::IO, keep_loaded_modules::Bool)
    @ Base ./loading.jl:2300
  [3] compilecache
    @ ./loading.jl:2167 [inlined]
  [4] _require(pkg::Base.PkgId, env::String)
    @ Base ./loading.jl:1805
  [5] _require_prelocked(uuidkey::Base.PkgId, env::String)
    @ Base ./loading.jl:1660
  [6] macro expansion
    @ ./loading.jl:1648 [inlined]
  [7] macro expansion
    @ ./lock.jl:267 [inlined]
  [8] require(into::Module, mod::Symbol)
    @ Base ./loading.jl:1611
  [9] include(mod::Module, _path::String)
    @ Base ./Base.jl:457
 [10] top-level scope
    @ ~/anaconda3/envs/julia_env/share/julia/packages/JLLWrappers/QpMQW/src/toplevel_generators.jl:188
 [11] include
    @ ./Base.jl:457 [inlined]
 [12] include_package_for_output(pkg::Base.PkgId, input::String, depot_path::Vector{String}, dl_load_path::Vector{String}, load_path::Vector{String}, concrete_deps::Vector{Pair{Base.PkgId, UInt128}}, source::String)
    @ Base ./loading.jl:2049
 [13] top-level scope
    @ stdin:3
in expression starting at /home/sci/hunor.csala/anaconda3/envs/julia_env/share/julia/packages/FFMPEG_jll/OCtN5/src/wrappers/x86_64-linux-gnu.jl:4
in expression starting at /home/sci/hunor.csala/anaconda3/envs/julia_env/share/julia/packages/FFMPEG_jll/OCtN5/src/FFMPEG_jll.jl:2
in expression starting at stdin:3
ERROR: LoadError: Failed to precompile FFMPEG_jll [b22a6f82-2f65-5046-a5b2-351ab43fb4e5] to "/home/sci/hunor.csala/anaconda3/envs/julia_env/share/julia/compiled/v1.9/FFMPEG_jll/jl_o3eM5Z".
Stacktrace:
  [1] error(s::String)
    @ Base ./error.jl:35
  [2] compilecache(pkg::Base.PkgId, path::String, internal_stderr::IO, internal_stdout::IO, keep_loaded_modules::Bool)
    @ Base ./loading.jl:2300
  [3] compilecache
    @ ./loading.jl:2167 [inlined]
  [4] _require(pkg::Base.PkgId, env::String)
    @ Base ./loading.jl:1805
  [5] _require_prelocked(uuidkey::Base.PkgId, env::String)
    @ Base ./loading.jl:1660
  [6] macro expansion
    @ ./loading.jl:1648 [inlined]
  [7] macro expansion
    @ ./lock.jl:267 [inlined]
  [8] require(into::Module, mod::Symbol)
    @ Base ./loading.jl:1611
  [9] include
    @ ./Base.jl:457 [inlined]
 [10] include_package_for_output(pkg::Base.PkgId, input::String, depot_path::Vector{String}, dl_load_path::Vector{String}, load_path::Vector{String}, concrete_deps::Vector{Pair{Base.PkgId, UInt128}}, source::String)
    @ Base ./loading.jl:2049
 [11] top-level scope
    @ stdin:3
in expression starting at /home/sci/hunor.csala/anaconda3/envs/julia_env/share/julia/packages/FFMPEG/OUpap/src/FFMPEG.jl:1
in expression starting at stdin:3
ERROR: LoadError: Failed to precompile FFMPEG [c87230d0-a227-11e9-1b43-d7ebe4e7570a] to "/home/sci/hunor.csala/anaconda3/envs/julia_env/share/julia/compiled/v1.9/FFMPEG/jl_tVvWWi".
Stacktrace:
  [1] error(s::String)
    @ Base ./error.jl:35
  [2] compilecache(pkg::Base.PkgId, path::String, internal_stderr::IO, internal_stdout::IO, keep_loaded_modules::Bool)
    @ Base ./loading.jl:2300
  [3] compilecache
    @ ./loading.jl:2167 [inlined]
  [4] _require(pkg::Base.PkgId, env::String)
    @ Base ./loading.jl:1805
  [5] _require_prelocked(uuidkey::Base.PkgId, env::String)
    @ Base ./loading.jl:1660
  [6] macro expansion
    @ ./loading.jl:1648 [inlined]
  [7] macro expansion
    @ ./lock.jl:267 [inlined]
  [8] require(into::Module, mod::Symbol)
    @ Base ./loading.jl:1611
  [9] include(mod::Module, _path::String)
    @ Base ./Base.jl:457
 [10] include(x::String)
    @ Plots ~/anaconda3/envs/julia_env/share/julia/packages/Plots/3BCH5/src/Plots.jl:1
 [11] top-level scope
    @ ~/anaconda3/envs/julia_env/share/julia/packages/Plots/3BCH5/src/Plots.jl:168
 [12] include
    @ ./Base.jl:457 [inlined]
 [13] include_package_for_output(pkg::Base.PkgId, input::String, depot_path::Vector{String}, dl_load_path::Vector{String}, load_path::Vector{String}, concrete_deps::Vector{Pair{Base.PkgId, UInt128}}, source::String)
    @ Base ./loading.jl:2049
 [14] top-level scope
    @ stdin:3
in expression starting at /home/sci/hunor.csala/anaconda3/envs/julia_env/share/julia/packages/Plots/3BCH5/src/animation.jl:1
in expression starting at /home/sci/hunor.csala/anaconda3/envs/julia_env/share/julia/packages/Plots/3BCH5/src/Plots.jl:1
in expression starting at stdin:3
┌ Error: This version of CUDA.jl only supports NVIDIA drivers for CUDA 10.2 or higher (yours is for CUDA 8.0.0)
└ @ CUDA ~/anaconda3/envs/julia_env/share/julia/packages/CUDA/ZdCxS/src/initialization.jl:65
ERROR: LoadError: Failed to precompile Plots [91a5bcdd-55d7-5caf-9e0b-520d859cae80] to "/home/sci/hunor.csala/anaconda3/envs/julia_env/share/julia/compiled/v1.9/Plots/jl_C36Twz".
Stacktrace:
 [1] error(s::String)
   @ Base ./error.jl:35
 [2] compilecache(pkg::Base.PkgId, path::String, internal_stderr::IO, internal_stdout::IO, keep_loaded_modules::Bool)
   @ Base ./loading.jl:2300
 [3] compilecache
   @ ./loading.jl:2167 [inlined]
 [4] _require(pkg::Base.PkgId, env::String)
   @ Base ./loading.jl:1805
 [5] _require_prelocked(uuidkey::Base.PkgId, env::String)
   @ Base ./loading.jl:1660
 [6] macro expansion
   @ ./loading.jl:1648 [inlined]
 [7] macro expansion
   @ ./lock.jl:267 [inlined]
 [8] require(into::Module, mod::Symbol)
   @ Base ./loading.jl:1611
 [9] top-level scope
   @ ~/LANL/NODE/dQdz_1/dQdz_1.jl:27
in expression starting at /home/sci/hunor.csala/LANL/NODE/dQdz_1/dQdz_1.jl:6
